running egg_info
creating ../../../build/robot_arm/robot_arm.egg-info
writing ../../../build/robot_arm/robot_arm.egg-info/PKG-INFO
writing dependency_links to ../../../build/robot_arm/robot_arm.egg-info/dependency_links.txt
writing entry points to ../../../build/robot_arm/robot_arm.egg-info/entry_points.txt
writing requirements to ../../../build/robot_arm/robot_arm.egg-info/requires.txt
writing top-level names to ../../../build/robot_arm/robot_arm.egg-info/top_level.txt
writing manifest file '../../../build/robot_arm/robot_arm.egg-info/SOURCES.txt'
reading manifest file '../../../build/robot_arm/robot_arm.egg-info/SOURCES.txt'
writing manifest file '../../../build/robot_arm/robot_arm.egg-info/SOURCES.txt'
running build
running build_py
creating /home/ksawery/2026_nauka_ros2/zadanie/entry-ros-task/build/robot_arm/build
creating /home/ksawery/2026_nauka_ros2/zadanie/entry-ros-task/build/robot_arm/build/lib
creating /home/ksawery/2026_nauka_ros2/zadanie/entry-ros-task/build/robot_arm/build/lib/robot_arm
copying robot_arm/__init__.py -> /home/ksawery/2026_nauka_ros2/zadanie/entry-ros-task/build/robot_arm/build/lib/robot_arm
copying robot_arm/tf_publisher.py -> /home/ksawery/2026_nauka_ros2/zadanie/entry-ros-task/build/robot_arm/build/lib/robot_arm
copying robot_arm/pose_publisher.py -> /home/ksawery/2026_nauka_ros2/zadanie/entry-ros-task/build/robot_arm/build/lib/robot_arm
running install
running install_lib
creating /home/ksawery/2026_nauka_ros2/zadanie/entry-ros-task/install/robot_arm/lib/python3.10/site-packages/robot_arm
copying /home/ksawery/2026_nauka_ros2/zadanie/entry-ros-task/build/robot_arm/build/lib/robot_arm/__init__.py -> /home/ksawery/2026_nauka_ros2/zadanie/entry-ros-task/install/robot_arm/lib/python3.10/site-packages/robot_arm
copying /home/ksawery/2026_nauka_ros2/zadanie/entry-ros-task/build/robot_arm/build/lib/robot_arm/tf_publisher.py -> /home/ksawery/2026_nauka_ros2/zadanie/entry-ros-task/install/robot_arm/lib/python3.10/site-packages/robot_arm
copying /home/ksawery/2026_nauka_ros2/zadanie/entry-ros-task/build/robot_arm/build/lib/robot_arm/pose_publisher.py -> /home/ksawery/2026_nauka_ros2/zadanie/entry-ros-task/install/robot_arm/lib/python3.10/site-packages/robot_arm
byte-compiling /home/ksawery/2026_nauka_ros2/zadanie/entry-ros-task/install/robot_arm/lib/python3.10/site-packages/robot_arm/__init__.py to __init__.cpython-310.pyc
byte-compiling /home/ksawery/2026_nauka_ros2/zadanie/entry-ros-task/install/robot_arm/lib/python3.10/site-packages/robot_arm/tf_publisher.py to tf_publisher.cpython-310.pyc
byte-compiling /home/ksawery/2026_nauka_ros2/zadanie/entry-ros-task/install/robot_arm/lib/python3.10/site-packages/robot_arm/pose_publisher.py to pose_publisher.cpython-310.pyc
running install_data
creating /home/ksawery/2026_nauka_ros2/zadanie/entry-ros-task/install/robot_arm/share/ament_index
creating /home/ksawery/2026_nauka_ros2/zadanie/entry-ros-task/install/robot_arm/share/ament_index/resource_index
creating /home/ksawery/2026_nauka_ros2/zadanie/entry-ros-task/install/robot_arm/share/ament_index/resource_index/packages
copying resource/robot_arm -> /home/ksawery/2026_nauka_ros2/zadanie/entry-ros-task/install/robot_arm/share/ament_index/resource_index/packages
copying package.xml -> /home/ksawery/2026_nauka_ros2/zadanie/entry-ros-task/install/robot_arm/share/robot_arm
creating /home/ksawery/2026_nauka_ros2/zadanie/entry-ros-task/install/robot_arm/share/robot_arm/launch
copying launch/robot.launch.py -> /home/ksawery/2026_nauka_ros2/zadanie/entry-ros-task/install/robot_arm/share/robot_arm/launch
creating /home/ksawery/2026_nauka_ros2/zadanie/entry-ros-task/install/robot_arm/share/robot_arm/urdf
copying urdf/robot_arm.urdf -> /home/ksawery/2026_nauka_ros2/zadanie/entry-ros-task/install/robot_arm/share/robot_arm/urdf
creating /home/ksawery/2026_nauka_ros2/zadanie/entry-ros-task/install/robot_arm/share/robot_arm/rviz
copying rviz/robot.rviz -> /home/ksawery/2026_nauka_ros2/zadanie/entry-ros-task/install/robot_arm/share/robot_arm/rviz
creating /home/ksawery/2026_nauka_ros2/zadanie/entry-ros-task/install/robot_arm/share/robot_arm/config
running install_egg_info
Copying ../../../build/robot_arm/robot_arm.egg-info to /home/ksawery/2026_nauka_ros2/zadanie/entry-ros-task/install/robot_arm/lib/python3.10/site-packages/robot_arm-0.1.0-py3.10.egg-info
running install_scripts
Installing pose_publisher script to /home/ksawery/2026_nauka_ros2/zadanie/entry-ros-task/install/robot_arm/lib/robot_arm
Installing tf_publisher script to /home/ksawery/2026_nauka_ros2/zadanie/entry-ros-task/install/robot_arm/lib/robot_arm
writing list of installed files to '/home/ksawery/2026_nauka_ros2/zadanie/entry-ros-task/build/robot_arm/install.log'
