[1.395s] Invoking command in '/home/ksawery/2026_nauka_ros2/zadanie/entry-ros-task/ros2_ws/src/robot_arm': PYTHONPATH=/home/ksawery/2026_nauka_ros2/zadanie/entry-ros-task/build/robot_arm/prefix_override:/home/ksawery/2026_nauka_ros2/zadanie/entry-ros-task/install/robot_arm/lib/python3.10/site-packages:${PYTHONPATH} /usr/bin/python3 -W ignore:setup.py install is deprecated setup.py egg_info --egg-base ../../../build/robot_arm build --build-base /home/ksawery/2026_nauka_ros2/zadanie/entry-ros-task/build/robot_arm/build install --record /home/ksawery/2026_nauka_ros2/zadanie/entry-ros-task/build/robot_arm/install.log --single-version-externally-managed install_data
[1.789s] running egg_info
[1.790s] creating ../../../build/robot_arm/robot_arm.egg-info
[1.820s] writing ../../../build/robot_arm/robot_arm.egg-info/PKG-INFO
[1.821s] writing dependency_links to ../../../build/robot_arm/robot_arm.egg-info/dependency_links.txt
[1.821s] writing entry points to ../../../build/robot_arm/robot_arm.egg-info/entry_points.txt
[1.821s] writing requirements to ../../../build/robot_arm/robot_arm.egg-info/requires.txt
[1.821s] writing top-level names to ../../../build/robot_arm/robot_arm.egg-info/top_level.txt
[1.980s] writing manifest file '../../../build/robot_arm/robot_arm.egg-info/SOURCES.txt'
[2.046s] reading manifest file '../../../build/robot_arm/robot_arm.egg-info/SOURCES.txt'
[2.047s] writing manifest file '../../../build/robot_arm/robot_arm.egg-info/SOURCES.txt'
[2.048s] running build
[2.048s] running build_py
[2.048s] creating /home/ksawery/2026_nauka_ros2/zadanie/entry-ros-task/build/robot_arm/build
[2.048s] creating /home/ksawery/2026_nauka_ros2/zadanie/entry-ros-task/build/robot_arm/build/lib
[2.048s] creating /home/ksawery/2026_nauka_ros2/zadanie/entry-ros-task/build/robot_arm/build/lib/robot_arm
[2.049s] copying robot_arm/__init__.py -> /home/ksawery/2026_nauka_ros2/zadanie/entry-ros-task/build/robot_arm/build/lib/robot_arm
[2.049s] copying robot_arm/tf_publisher.py -> /home/ksawery/2026_nauka_ros2/zadanie/entry-ros-task/build/robot_arm/build/lib/robot_arm
[2.049s] copying robot_arm/pose_publisher.py -> /home/ksawery/2026_nauka_ros2/zadanie/entry-ros-task/build/robot_arm/build/lib/robot_arm
[2.049s] running install
[2.058s] running install_lib
[2.092s] creating /home/ksawery/2026_nauka_ros2/zadanie/entry-ros-task/install/robot_arm/lib/python3.10/site-packages/robot_arm
[2.093s] copying /home/ksawery/2026_nauka_ros2/zadanie/entry-ros-task/build/robot_arm/build/lib/robot_arm/__init__.py -> /home/ksawery/2026_nauka_ros2/zadanie/entry-ros-task/install/robot_arm/lib/python3.10/site-packages/robot_arm
[2.093s] copying /home/ksawery/2026_nauka_ros2/zadanie/entry-ros-task/build/robot_arm/build/lib/robot_arm/tf_publisher.py -> /home/ksawery/2026_nauka_ros2/zadanie/entry-ros-task/install/robot_arm/lib/python3.10/site-packages/robot_arm
[2.093s] copying /home/ksawery/2026_nauka_ros2/zadanie/entry-ros-task/build/robot_arm/build/lib/robot_arm/pose_publisher.py -> /home/ksawery/2026_nauka_ros2/zadanie/entry-ros-task/install/robot_arm/lib/python3.10/site-packages/robot_arm
[2.094s] byte-compiling /home/ksawery/2026_nauka_ros2/zadanie/entry-ros-task/install/robot_arm/lib/python3.10/site-packages/robot_arm/__init__.py to __init__.cpython-310.pyc
[2.094s] byte-compiling /home/ksawery/2026_nauka_ros2/zadanie/entry-ros-task/install/robot_arm/lib/python3.10/site-packages/robot_arm/tf_publisher.py to tf_publisher.cpython-310.pyc
[2.095s] byte-compiling /home/ksawery/2026_nauka_ros2/zadanie/entry-ros-task/install/robot_arm/lib/python3.10/site-packages/robot_arm/pose_publisher.py to pose_publisher.cpython-310.pyc
[2.096s] running install_data
[2.096s] creating /home/ksawery/2026_nauka_ros2/zadanie/entry-ros-task/install/robot_arm/share/ament_index
[2.096s] creating /home/ksawery/2026_nauka_ros2/zadanie/entry-ros-task/install/robot_arm/share/ament_index/resource_index
[2.096s] creating /home/ksawery/2026_nauka_ros2/zadanie/entry-ros-task/install/robot_arm/share/ament_index/resource_index/packages
[2.096s] copying resource/robot_arm -> /home/ksawery/2026_nauka_ros2/zadanie/entry-ros-task/install/robot_arm/share/ament_index/resource_index/packages
[2.097s] copying package.xml -> /home/ksawery/2026_nauka_ros2/zadanie/entry-ros-task/install/robot_arm/share/robot_arm
[2.097s] creating /home/ksawery/2026_nauka_ros2/zadanie/entry-ros-task/install/robot_arm/share/robot_arm/launch
[2.097s] copying launch/robot.launch.py -> /home/ksawery/2026_nauka_ros2/zadanie/entry-ros-task/install/robot_arm/share/robot_arm/launch
[2.097s] creating /home/ksawery/2026_nauka_ros2/zadanie/entry-ros-task/install/robot_arm/share/robot_arm/urdf
[2.098s] copying urdf/robot_arm.urdf -> /home/ksawery/2026_nauka_ros2/zadanie/entry-ros-task/install/robot_arm/share/robot_arm/urdf
[2.098s] creating /home/ksawery/2026_nauka_ros2/zadanie/entry-ros-task/install/robot_arm/share/robot_arm/rviz
[2.098s] copying rviz/robot.rviz -> /home/ksawery/2026_nauka_ros2/zadanie/entry-ros-task/install/robot_arm/share/robot_arm/rviz
[2.098s] creating /home/ksawery/2026_nauka_ros2/zadanie/entry-ros-task/install/robot_arm/share/robot_arm/config
[2.098s] running install_egg_info
[2.134s] Copying ../../../build/robot_arm/robot_arm.egg-info to /home/ksawery/2026_nauka_ros2/zadanie/entry-ros-task/install/robot_arm/lib/python3.10/site-packages/robot_arm-0.1.0-py3.10.egg-info
[2.135s] running install_scripts
[2.212s] Installing pose_publisher script to /home/ksawery/2026_nauka_ros2/zadanie/entry-ros-task/install/robot_arm/lib/robot_arm
[2.212s] Installing tf_publisher script to /home/ksawery/2026_nauka_ros2/zadanie/entry-ros-task/install/robot_arm/lib/robot_arm
[2.213s] writing list of installed files to '/home/ksawery/2026_nauka_ros2/zadanie/entry-ros-task/build/robot_arm/install.log'
[2.260s] Invoked command in '/home/ksawery/2026_nauka_ros2/zadanie/entry-ros-task/ros2_ws/src/robot_arm' returned '0': PYTHONPATH=/home/ksawery/2026_nauka_ros2/zadanie/entry-ros-task/build/robot_arm/prefix_override:/home/ksawery/2026_nauka_ros2/zadanie/entry-ros-task/install/robot_arm/lib/python3.10/site-packages:${PYTHONPATH} /usr/bin/python3 -W ignore:setup.py install is deprecated setup.py egg_info --egg-base ../../../build/robot_arm build --build-base /home/ksawery/2026_nauka_ros2/zadanie/entry-ros-task/build/robot_arm/build install --record /home/ksawery/2026_nauka_ros2/zadanie/entry-ros-task/build/robot_arm/install.log --single-version-externally-managed install_data
