[1.191s] Invoking command in '/home/ksawery/2026_nauka_ros2/zadanie/entry-ros-task/ros2_ws/src/robot_arm': PYTHONPATH=/home/ksawery/2026_nauka_ros2/zadanie/entry-ros-task/ros2_ws/build/robot_arm/prefix_override:/home/ksawery/2026_nauka_ros2/zadanie/entry-ros-task/ros2_ws/install/robot_arm/lib/python3.10/site-packages:${PYTHONPATH} /usr/bin/python3 -W ignore:setup.py install is deprecated setup.py egg_info --egg-base ../../build/robot_arm build --build-base /home/ksawery/2026_nauka_ros2/zadanie/entry-ros-task/ros2_ws/build/robot_arm/build install --record /home/ksawery/2026_nauka_ros2/zadanie/entry-ros-task/ros2_ws/build/robot_arm/install.log --single-version-externally-managed install_data
[1.534s] running egg_info
[1.561s] writing ../../build/robot_arm/robot_arm.egg-info/PKG-INFO
[1.561s] writing dependency_links to ../../build/robot_arm/robot_arm.egg-info/dependency_links.txt
[1.562s] writing entry points to ../../build/robot_arm/robot_arm.egg-info/entry_points.txt
[1.562s] writing requirements to ../../build/robot_arm/robot_arm.egg-info/requires.txt
[1.562s] writing top-level names to ../../build/robot_arm/robot_arm.egg-info/top_level.txt
[1.767s] reading manifest file '../../build/robot_arm/robot_arm.egg-info/SOURCES.txt'
[1.769s] writing manifest file '../../build/robot_arm/robot_arm.egg-info/SOURCES.txt'
[1.769s] running build
[1.769s] running build_py
[1.769s] copying robot_arm/__init__.py -> /home/ksawery/2026_nauka_ros2/zadanie/entry-ros-task/ros2_ws/build/robot_arm/build/lib/robot_arm
[1.769s] copying robot_arm/tf_publisher.py -> /home/ksawery/2026_nauka_ros2/zadanie/entry-ros-task/ros2_ws/build/robot_arm/build/lib/robot_arm
[1.770s] copying robot_arm/pose_publisher.py -> /home/ksawery/2026_nauka_ros2/zadanie/entry-ros-task/ros2_ws/build/robot_arm/build/lib/robot_arm
[1.770s] running install
[1.777s] running install_lib
[1.805s] copying /home/ksawery/2026_nauka_ros2/zadanie/entry-ros-task/ros2_ws/build/robot_arm/build/lib/robot_arm/pose_publisher.py -> /home/ksawery/2026_nauka_ros2/zadanie/entry-ros-task/ros2_ws/install/robot_arm/lib/python3.10/site-packages/robot_arm
[1.806s] byte-compiling /home/ksawery/2026_nauka_ros2/zadanie/entry-ros-task/ros2_ws/install/robot_arm/lib/python3.10/site-packages/robot_arm/pose_publisher.py to pose_publisher.cpython-310.pyc
[1.807s] running install_data
[1.807s] copying resource/robot_arm -> /home/ksawery/2026_nauka_ros2/zadanie/entry-ros-task/ros2_ws/install/robot_arm/share/ament_index/resource_index/packages
[1.807s] copying package.xml -> /home/ksawery/2026_nauka_ros2/zadanie/entry-ros-task/ros2_ws/install/robot_arm/share/robot_arm
[1.807s] copying launch/robot.launch.py -> /home/ksawery/2026_nauka_ros2/zadanie/entry-ros-task/ros2_ws/install/robot_arm/share/robot_arm/launch
[1.807s] copying urdf/robot_arm.urdf -> /home/ksawery/2026_nauka_ros2/zadanie/entry-ros-task/ros2_ws/install/robot_arm/share/robot_arm/urdf
[1.807s] copying rviz/robot.rviz -> /home/ksawery/2026_nauka_ros2/zadanie/entry-ros-task/ros2_ws/install/robot_arm/share/robot_arm/rviz
[1.808s] running install_egg_info
[1.837s] removing '/home/ksawery/2026_nauka_ros2/zadanie/entry-ros-task/ros2_ws/install/robot_arm/lib/python3.10/site-packages/robot_arm-0.1.0-py3.10.egg-info' (and everything under it)
[1.837s] Copying ../../build/robot_arm/robot_arm.egg-info to /home/ksawery/2026_nauka_ros2/zadanie/entry-ros-task/ros2_ws/install/robot_arm/lib/python3.10/site-packages/robot_arm-0.1.0-py3.10.egg-info
[1.838s] running install_scripts
[1.899s] Installing pose_publisher script to /home/ksawery/2026_nauka_ros2/zadanie/entry-ros-task/ros2_ws/install/robot_arm/lib/robot_arm
[1.899s] Installing tf_publisher script to /home/ksawery/2026_nauka_ros2/zadanie/entry-ros-task/ros2_ws/install/robot_arm/lib/robot_arm
[1.900s] writing list of installed files to '/home/ksawery/2026_nauka_ros2/zadanie/entry-ros-task/ros2_ws/build/robot_arm/install.log'
[1.943s] Invoked command in '/home/ksawery/2026_nauka_ros2/zadanie/entry-ros-task/ros2_ws/src/robot_arm' returned '0': PYTHONPATH=/home/ksawery/2026_nauka_ros2/zadanie/entry-ros-task/ros2_ws/build/robot_arm/prefix_override:/home/ksawery/2026_nauka_ros2/zadanie/entry-ros-task/ros2_ws/install/robot_arm/lib/python3.10/site-packages:${PYTHONPATH} /usr/bin/python3 -W ignore:setup.py install is deprecated setup.py egg_info --egg-base ../../build/robot_arm build --build-base /home/ksawery/2026_nauka_ros2/zadanie/entry-ros-task/ros2_ws/build/robot_arm/build install --record /home/ksawery/2026_nauka_ros2/zadanie/entry-ros-task/ros2_ws/build/robot_arm/install.log --single-version-externally-managed install_data
