/home/ksawery/2026_nauka_ros2/zadanie/entry-ros-task/ros2_ws/install/robot_arm/lib/python3.10/site-packages/robot_arm/__init__.py
/home/ksawery/2026_nauka_ros2/zadanie/entry-ros-task/ros2_ws/install/robot_arm/lib/python3.10/site-packages/robot_arm/tf_publisher.py
/home/ksawery/2026_nauka_ros2/zadanie/entry-ros-task/ros2_ws/install/robot_arm/lib/python3.10/site-packages/robot_arm/pose_publisher.py
/home/ksawery/2026_nauka_ros2/zadanie/entry-ros-task/ros2_ws/install/robot_arm/lib/python3.10/site-packages/robot_arm/__pycache__/__init__.cpython-310.pyc
/home/ksawery/2026_nauka_ros2/zadanie/entry-ros-task/ros2_ws/install/robot_arm/lib/python3.10/site-packages/robot_arm/__pycache__/tf_publisher.cpython-310.pyc
/home/ksawery/2026_nauka_ros2/zadanie/entry-ros-task/ros2_ws/install/robot_arm/lib/python3.10/site-packages/robot_arm/__pycache__/pose_publisher.cpython-310.pyc
/home/ksawery/2026_nauka_ros2/zadanie/entry-ros-task/ros2_ws/install/robot_arm/share/ament_index/resource_index/packages/robot_arm
/home/ksawery/2026_nauka_ros2/zadanie/entry-ros-task/ros2_ws/install/robot_arm/share/robot_arm/package.xml
/home/ksawery/2026_nauka_ros2/zadanie/entry-ros-task/ros2_ws/install/robot_arm/share/robot_arm/launch/robot.launch.py
/home/ksawery/2026_nauka_ros2/zadanie/entry-ros-task/ros2_ws/install/robot_arm/share/robot_arm/urdf/robot_arm.urdf
/home/ksawery/2026_nauka_ros2/zadanie/entry-ros-task/ros2_ws/install/robot_arm/share/robot_arm/rviz/robot.rviz
/home/ksawery/2026_nauka_ros2/zadanie/entry-ros-task/ros2_ws/install/robot_arm/share/robot_arm/config
/home/ksawery/2026_nauka_ros2/zadanie/entry-ros-task/ros2_ws/install/robot_arm/lib/python3.10/site-packages/robot_arm-0.1.0-py3.10.egg-info/requires.txt
/home/ksawery/2026_nauka_ros2/zadanie/entry-ros-task/ros2_ws/install/robot_arm/lib/python3.10/site-packages/robot_arm-0.1.0-py3.10.egg-info/zip-safe
/home/ksawery/2026_nauka_ros2/zadanie/entry-ros-task/ros2_ws/install/robot_arm/lib/python3.10/site-packages/robot_arm-0.1.0-py3.10.egg-info/entry_points.txt
/home/ksawery/2026_nauka_ros2/zadanie/entry-ros-task/ros2_ws/install/robot_arm/lib/python3.10/site-packages/robot_arm-0.1.0-py3.10.egg-info/PKG-INFO
/home/ksawery/2026_nauka_ros2/zadanie/entry-ros-task/ros2_ws/install/robot_arm/lib/python3.10/site-packages/robot_arm-0.1.0-py3.10.egg-info/dependency_links.txt
/home/ksawery/2026_nauka_ros2/zadanie/entry-ros-task/ros2_ws/install/robot_arm/lib/python3.10/site-packages/robot_arm-0.1.0-py3.10.egg-info/SOURCES.txt
/home/ksawery/2026_nauka_ros2/zadanie/entry-ros-task/ros2_ws/install/robot_arm/lib/python3.10/site-packages/robot_arm-0.1.0-py3.10.egg-info/top_level.txt
/home/ksawery/2026_nauka_ros2/zadanie/entry-ros-task/ros2_ws/install/robot_arm/lib/robot_arm/pose_publisher
/home/ksawery/2026_nauka_ros2/zadanie/entry-ros-task/ros2_ws/install/robot_arm/lib/robot_arm/tf_publisher
