running egg_info
writing ../../build/robot_arm/robot_arm.egg-info/PKG-INFO
writing dependency_links to ../../build/robot_arm/robot_arm.egg-info/dependency_links.txt
writing entry points to ../../build/robot_arm/robot_arm.egg-info/entry_points.txt
writing requirements to ../../build/robot_arm/robot_arm.egg-info/requires.txt
writing top-level names to ../../build/robot_arm/robot_arm.egg-info/top_level.txt
reading manifest file '../../build/robot_arm/robot_arm.egg-info/SOURCES.txt'
writing manifest file '../../build/robot_arm/robot_arm.egg-info/SOURCES.txt'
running build
running build_py
copying robot_arm/__init__.py -> /home/ksawery/2026_nauka_ros2/zadanie/entry-ros-task/ros2_ws/build/robot_arm/build/lib/robot_arm
copying robot_arm/tf_publisher.py -> /home/ksawery/2026_nauka_ros2/zadanie/entry-ros-task/ros2_ws/build/robot_arm/build/lib/robot_arm
copying robot_arm/pose_publisher.py -> /home/ksawery/2026_nauka_ros2/zadanie/entry-ros-task/ros2_ws/build/robot_arm/build/lib/robot_arm
running install
running install_lib
copying /home/ksawery/2026_nauka_ros2/zadanie/entry-ros-task/ros2_ws/build/robot_arm/build/lib/robot_arm/tf_publisher.py -> /home/ksawery/2026_nauka_ros2/zadanie/entry-ros-task/ros2_ws/install/robot_arm/lib/python3.10/site-packages/robot_arm
byte-compiling /home/ksawery/2026_nauka_ros2/zadanie/entry-ros-task/ros2_ws/install/robot_arm/lib/python3.10/site-packages/robot_arm/tf_publisher.py to tf_publisher.cpython-310.pyc
running install_data
copying resource/robot_arm -> /home/ksawery/2026_nauka_ros2/zadanie/entry-ros-task/ros2_ws/install/robot_arm/share/ament_index/resource_index/packages
copying package.xml -> /home/ksawery/2026_nauka_ros2/zadanie/entry-ros-task/ros2_ws/install/robot_arm/share/robot_arm
copying launch/robot.launch.py -> /home/ksawery/2026_nauka_ros2/zadanie/entry-ros-task/ros2_ws/install/robot_arm/share/robot_arm/launch
copying urdf/robot_arm.urdf -> /home/ksawery/2026_nauka_ros2/zadanie/entry-ros-task/ros2_ws/install/robot_arm/share/robot_arm/urdf
running install_egg_info
removing '/home/ksawery/2026_nauka_ros2/zadanie/entry-ros-task/ros2_ws/install/robot_arm/lib/python3.10/site-packages/robot_arm-0.1.0-py3.10.egg-info' (and everything under it)
Copying ../../build/robot_arm/robot_arm.egg-info to /home/ksawery/2026_nauka_ros2/zadanie/entry-ros-task/ros2_ws/install/robot_arm/lib/python3.10/site-packages/robot_arm-0.1.0-py3.10.egg-info
running install_scripts
Installing pose_publisher script to /home/ksawery/2026_nauka_ros2/zadanie/entry-ros-task/ros2_ws/install/robot_arm/lib/robot_arm
Installing tf_publisher script to /home/ksawery/2026_nauka_ros2/zadanie/entry-ros-task/ros2_ws/install/robot_arm/lib/robot_arm
writing list of installed files to '/home/ksawery/2026_nauka_ros2/zadanie/entry-ros-task/ros2_ws/build/robot_arm/install.log'
