[1.355s] Invoking command in '/home/ksawery/2026_nauka_ros2/zadanie/entry-ros-task/ros2_ws/src/robot_arm': PYTHONPATH=/home/ksawery/2026_nauka_ros2/zadanie/entry-ros-task/ros2_ws/build/robot_arm/prefix_override:/home/ksawery/2026_nauka_ros2/zadanie/entry-ros-task/ros2_ws/install/robot_arm/lib/python3.10/site-packages:${PYTHONPATH} /usr/bin/python3 -W ignore:setup.py install is deprecated setup.py egg_info --egg-base ../../build/robot_arm build --build-base /home/ksawery/2026_nauka_ros2/zadanie/entry-ros-task/ros2_ws/build/robot_arm/build install --record /home/ksawery/2026_nauka_ros2/zadanie/entry-ros-task/ros2_ws/build/robot_arm/install.log --single-version-externally-managed install_data
[1.703s] running egg_info
[1.730s] writing ../../build/robot_arm/robot_arm.egg-info/PKG-INFO
[1.730s] writing dependency_links to ../../build/robot_arm/robot_arm.egg-info/dependency_links.txt
[1.730s] writing entry points to ../../build/robot_arm/robot_arm.egg-info/entry_points.txt
[1.731s] writing requirements to ../../build/robot_arm/robot_arm.egg-info/requires.txt
[1.731s] writing top-level names to ../../build/robot_arm/robot_arm.egg-info/top_level.txt
[1.956s] reading manifest file '../../build/robot_arm/robot_arm.egg-info/SOURCES.txt'
[1.957s] writing manifest file '../../build/robot_arm/robot_arm.egg-info/SOURCES.txt'
[1.957s] running build
[1.957s] running build_py
[1.958s] copying robot_arm/__init__.py -> /home/ksawery/2026_nauka_ros2/zadanie/entry-ros-task/ros2_ws/build/robot_arm/build/lib/robot_arm
[1.958s] copying robot_arm/tf_publisher.py -> /home/ksawery/2026_nauka_ros2/zadanie/entry-ros-task/ros2_ws/build/robot_arm/build/lib/robot_arm
[1.958s] copying robot_arm/pose_publisher.py -> /home/ksawery/2026_nauka_ros2/zadanie/entry-ros-task/ros2_ws/build/robot_arm/build/lib/robot_arm
[1.958s] running install
[1.965s] running install_lib
[1.992s] copying /home/ksawery/2026_nauka_ros2/zadanie/entry-ros-task/ros2_ws/build/robot_arm/build/lib/robot_arm/tf_publisher.py -> /home/ksawery/2026_nauka_ros2/zadanie/entry-ros-task/ros2_ws/install/robot_arm/lib/python3.10/site-packages/robot_arm
[1.993s] byte-compiling /home/ksawery/2026_nauka_ros2/zadanie/entry-ros-task/ros2_ws/install/robot_arm/lib/python3.10/site-packages/robot_arm/tf_publisher.py to tf_publisher.cpython-310.pyc
[1.994s] running install_data
[1.994s] copying resource/robot_arm -> /home/ksawery/2026_nauka_ros2/zadanie/entry-ros-task/ros2_ws/install/robot_arm/share/ament_index/resource_index/packages
[1.994s] copying package.xml -> /home/ksawery/2026_nauka_ros2/zadanie/entry-ros-task/ros2_ws/install/robot_arm/share/robot_arm
[1.994s] copying launch/robot.launch.py -> /home/ksawery/2026_nauka_ros2/zadanie/entry-ros-task/ros2_ws/install/robot_arm/share/robot_arm/launch
[1.995s] copying urdf/robot_arm.urdf -> /home/ksawery/2026_nauka_ros2/zadanie/entry-ros-task/ros2_ws/install/robot_arm/share/robot_arm/urdf
[1.995s] running install_egg_info
[2.025s] removing '/home/ksawery/2026_nauka_ros2/zadanie/entry-ros-task/ros2_ws/install/robot_arm/lib/python3.10/site-packages/robot_arm-0.1.0-py3.10.egg-info' (and everything under it)
[2.026s] Copying ../../build/robot_arm/robot_arm.egg-info to /home/ksawery/2026_nauka_ros2/zadanie/entry-ros-task/ros2_ws/install/robot_arm/lib/python3.10/site-packages/robot_arm-0.1.0-py3.10.egg-info
[2.027s] running install_scripts
[2.089s] Installing pose_publisher script to /home/ksawery/2026_nauka_ros2/zadanie/entry-ros-task/ros2_ws/install/robot_arm/lib/robot_arm
[2.089s] Installing tf_publisher script to /home/ksawery/2026_nauka_ros2/zadanie/entry-ros-task/ros2_ws/install/robot_arm/lib/robot_arm
[2.090s] writing list of installed files to '/home/ksawery/2026_nauka_ros2/zadanie/entry-ros-task/ros2_ws/build/robot_arm/install.log'
[2.136s] Invoked command in '/home/ksawery/2026_nauka_ros2/zadanie/entry-ros-task/ros2_ws/src/robot_arm' returned '0': PYTHONPATH=/home/ksawery/2026_nauka_ros2/zadanie/entry-ros-task/ros2_ws/build/robot_arm/prefix_override:/home/ksawery/2026_nauka_ros2/zadanie/entry-ros-task/ros2_ws/install/robot_arm/lib/python3.10/site-packages:${PYTHONPATH} /usr/bin/python3 -W ignore:setup.py install is deprecated setup.py egg_info --egg-base ../../build/robot_arm build --build-base /home/ksawery/2026_nauka_ros2/zadanie/entry-ros-task/ros2_ws/build/robot_arm/build install --record /home/ksawery/2026_nauka_ros2/zadanie/entry-ros-task/ros2_ws/build/robot_arm/install.log --single-version-externally-managed install_data
